0 info it worked if it ends with ok
1 verbose cli [ '/usr/bin/nodejs',
1 verbose cli   '/usr/bin/npm',
1 verbose cli   'install',
1 verbose cli   'logProvider',
1 verbose cli   '--save' ]
2 info using npm@2.14.12
3 info using node@v4.3.1
4 verbose install initial load of /home/ray/source/fisec/fisec2/package.json
5 verbose installManyTop reading scoped package data from /home/ray/source/fisec/fisec2/node_modules/body-parser/package.json
6 verbose installManyTop reading scoped package data from /home/ray/source/fisec/fisec2/node_modules/cookie-parser/package.json
7 verbose installManyTop reading scoped package data from /home/ray/source/fisec/fisec2/node_modules/debug/package.json
8 verbose installManyTop reading scoped package data from /home/ray/source/fisec/fisec2/node_modules/express/package.json
9 verbose installManyTop reading scoped package data from /home/ray/source/fisec/fisec2/node_modules/express-handlebars/package.json
10 verbose installManyTop reading scoped package data from /home/ray/source/fisec/fisec2/node_modules/json-stringify-safe/package.json
11 verbose installManyTop reading scoped package data from /home/ray/source/fisec/fisec2/node_modules/json-web-token/package.json
12 verbose installManyTop reading scoped package data from /home/ray/source/fisec/fisec2/node_modules/lodash/package.json
13 verbose installManyTop reading scoped package data from /home/ray/source/fisec/fisec2/node_modules/lodash-getpath/package.json
14 verbose installManyTop reading scoped package data from /home/ray/source/fisec/fisec2/node_modules/mongoose/package.json
15 verbose installManyTop reading scoped package data from /home/ray/source/fisec/fisec2/node_modules/morgan/package.json
16 verbose installManyTop reading scoped package data from /home/ray/source/fisec/fisec2/node_modules/querystring/package.json
17 verbose installManyTop reading scoped package data from /home/ray/source/fisec/fisec2/node_modules/request/package.json
18 verbose installManyTop reading scoped package data from /home/ray/source/fisec/fisec2/node_modules/serve-favicon/package.json
19 verbose installManyTop reading scoped package data from /home/ray/source/fisec/fisec2/node_modules/sync-request/package.json
20 verbose installManyTop reading scoped package data from /home/ray/source/fisec/fisec2/node_modules/template-tal/package.json
21 verbose installManyTop reading scoped package data from /home/ray/source/fisec/fisec2/node_modules/uglify-js/package.json
22 verbose installManyTop reading scoped package data from /home/ray/source/fisec/fisec2/node_modules/xml2js/package.json
23 info package.json debug@2.0.0 No license field.
24 info package.json uglify-js@2.4.24 license should be a valid SPDX license expression
25 info package.json mongoose@3.8.39 No license field.
26 info package.json template-tal@0.1.5 'repositories' (plural) Not supported. Please pick one as the 'repository' field
27 info package.json template-tal@0.1.5 No license field.
28 info package.json querystring@0.2.0 querystring is also the name of a node core module.
29 info package.json querystring@0.2.0 No license field.
30 verbose readDependencies loading dependencies from /home/ray/source/fisec/fisec2/package.json
31 silly cache add args [ 'logProvider', null ]
32 verbose cache add spec logProvider
33 silly cache add parsed spec Result {
33 silly cache add   raw: 'logProvider',
33 silly cache add   scope: null,
33 silly cache add   name: 'logProvider',
33 silly cache add   rawSpec: '',
33 silly cache add   spec: 'latest',
33 silly cache add   type: 'tag' }
34 silly addNamed logProvider@latest
35 verbose addNamed "latest" is being treated as a dist-tag for logProvider
36 info addNameTag [ 'logProvider', 'latest' ]
37 silly mapToRegistry name logProvider
38 silly mapToRegistry using default registry
39 silly mapToRegistry registry http://registry.npmjs.org/
40 silly mapToRegistry uri http://registry.npmjs.org/logProvider
41 verbose addNameTag registry:http://registry.npmjs.org/logProvider not in flight; fetching
42 verbose request uri http://registry.npmjs.org/logProvider
43 verbose request no auth needed
44 info attempt registry request try #1 at 12:36:12 AM
45 verbose request id 1aca4ca52e2b4eca
46 http request GET http://registry.npmjs.org/logProvider
47 http 404 http://registry.npmjs.org/logProvider
48 verbose headers { 'content-type': 'application/json',
48 verbose headers   'cache-control': 'max-age=0',
48 verbose headers   'content-length': '2',
48 verbose headers   'accept-ranges': 'bytes',
48 verbose headers   date: 'Wed, 13 Apr 2016 16:36:13 GMT',
48 verbose headers   via: '1.1 varnish',
48 verbose headers   age: '0',
48 verbose headers   connection: 'keep-alive',
48 verbose headers   'x-served-by': 'cache-sin6926-SIN',
48 verbose headers   'x-cache': 'MISS',
48 verbose headers   'x-cache-hits': '0',
48 verbose headers   'x-timer': 'S1460565372.837607,VS0,VE212',
48 verbose headers   vary: 'Accept-Encoding' }
49 silly get cb [ 404,
49 silly get   { 'content-type': 'application/json',
49 silly get     'cache-control': 'max-age=0',
49 silly get     'content-length': '2',
49 silly get     'accept-ranges': 'bytes',
49 silly get     date: 'Wed, 13 Apr 2016 16:36:13 GMT',
49 silly get     via: '1.1 varnish',
49 silly get     age: '0',
49 silly get     connection: 'keep-alive',
49 silly get     'x-served-by': 'cache-sin6926-SIN',
49 silly get     'x-cache': 'MISS',
49 silly get     'x-cache-hits': '0',
49 silly get     'x-timer': 'S1460565372.837607,VS0,VE212',
49 silly get     vary: 'Accept-Encoding' } ]
50 verbose stack Error: Registry returned 404 for GET on http://registry.npmjs.org/logProvider
50 verbose stack     at makeError (/usr/lib/node_modules/npm/node_modules/npm-registry-client/lib/request.js:264:12)
50 verbose stack     at CachingRegistryClient.<anonymous> (/usr/lib/node_modules/npm/node_modules/npm-registry-client/lib/request.js:242:14)
50 verbose stack     at Request._callback (/usr/lib/node_modules/npm/node_modules/npm-registry-client/lib/request.js:172:14)
50 verbose stack     at Request.self.callback (/usr/lib/node_modules/npm/node_modules/request/request.js:198:22)
50 verbose stack     at emitTwo (events.js:87:13)
50 verbose stack     at Request.emit (events.js:172:7)
50 verbose stack     at Request.<anonymous> (/usr/lib/node_modules/npm/node_modules/request/request.js:1082:10)
50 verbose stack     at emitOne (events.js:82:20)
50 verbose stack     at Request.emit (events.js:169:7)
50 verbose stack     at IncomingMessage.<anonymous> (/usr/lib/node_modules/npm/node_modules/request/request.js:1009:12)
51 verbose statusCode 404
52 verbose pkgid logProvider
53 verbose cwd /home/ray/source/fisec/fisec2
54 error Linux 3.13.0-46-generic
55 error argv "/usr/bin/nodejs" "/usr/bin/npm" "install" "logProvider" "--save"
56 error node v4.3.1
57 error npm  v2.14.12
58 error code E404
59 error 404 Registry returned 404 for GET on http://registry.npmjs.org/logProvider
59 error 404
59 error 404 'logProvider' is not in the npm registry.
59 error 404 Your package name is not valid, because
59 error 404
59 error 404  1. name can no longer contain capital letters
59 error 404 It was specified as a dependency of 'fisec'
59 error 404
59 error 404 Note that you can also install from a
59 error 404 tarball, folder, http url, or git url.
60 verbose exit [ 1, true ]
